<?xml version="1.0" encoding="UTF-8" standalone="yes"?><!DOCTYPE report PUBLIC "-//JACOCO//DTD Report 1.1//EN"
        "report.dtd">
<report name="Bitbucket Server Code Insights plugin">
    <sessioninfo id="yMac.local-2c351d67" start="1666622249745" dump="1666622271171"/>
    <sessioninfo id="yMac.local-2f8805ef" start="1666622272530" dump="1666622387629"/>
    <sessioninfo id="yMac.local-51a88e86" start="1666622388760" dump="1666622391948"/>
    <sessioninfo id="yMac.local-9bec7556" start="1666622392733" dump="1666622394757"/>
    <sessioninfo id="yMac.local-14074a1c" start="1666622395098" dump="1666622396612"/>
    <sessioninfo id="yMac.local-1968e8eb" start="1666622396940" dump="1666622398750"/>
    <sessioninfo id="yMac.local-69a78c1a" start="1666622399085" dump="1666622401061"/>
    <sessioninfo id="yMac.local-11b6668f" start="1666622401412" dump="1666622403301"/>
    <sessioninfo id="yMac.local-54a4a0b0" start="1666622403714" dump="1666622406746"/>
    <sessioninfo id="yMac.local-e8ab4a1b" start="1666622407123" dump="1666622410610"/>
    <package name="io/jenkins/plugins/codeInsights/domain">
        <class name="io/jenkins/plugins/codeInsights/domain/Annotation" sourcefilename="Annotation.kt">
            <method name="&lt;init&gt;"
                    desc="(ILjava/lang/String;Ljava/lang/String;Lio/jenkins/plugins/codeInsights/domain/Severity;Ljava/lang/String;)V"
                    line="5">
                <counter type="INSTRUCTION" missed="0" covered="27"/>
                <counter type="LINE" missed="0" covered="7"/>
                <counter type="COMPLEXITY" missed="0" covered="1"/>
                <counter type="METHOD" missed="0" covered="1"/>
            </method>
            <method name="&lt;init&gt;"
                    desc="(ILjava/lang/String;Ljava/lang/String;Lio/jenkins/plugins/codeInsights/domain/Severity;Ljava/lang/String;ILkotlin/jvm/internal/DefaultConstructorMarker;)V"
                    line="6">
                <counter type="INSTRUCTION" missed="0" covered="18"/>
                <counter type="LINE" missed="0" covered="4"/>
                <counter type="COMPLEXITY" missed="0" covered="1"/>
                <counter type="METHOD" missed="0" covered="1"/>
            </method>
            <method name="getPath" desc="()Ljava/lang/String;" line="9">
                <counter type="INSTRUCTION" missed="0" covered="3"/>
                <counter type="LINE" missed="0" covered="1"/>
                <counter type="COMPLEXITY" missed="0" covered="1"/>
                <counter type="METHOD" missed="0" covered="1"/>
            </method>
            <method name="write$Self"
                    desc="(Lio/jenkins/plugins/codeInsights/domain/Annotation;Lkotlinx/serialization/encoding/CompositeEncoder;Lkotlinx/serialization/descriptors/SerialDescriptor;)V"
                    line="5">
                <counter type="INSTRUCTION" missed="13" covered="61"/>
                <counter type="BRANCH" missed="8" covered="4"/>
                <counter type="LINE" missed="0" covered="2"/>
                <counter type="COMPLEXITY" missed="6" covered="1"/>
                <counter type="METHOD" missed="0" covered="1"/>
            </method>
            <counter type="INSTRUCTION" missed="13" covered="109"/>
            <counter type="BRANCH" missed="8" covered="4"/>
            <counter type="LINE" missed="0" covered="8"/>
            <counter type="COMPLEXITY" missed="6" covered="4"/>
            <counter type="METHOD" missed="0" covered="4"/>
            <counter type="CLASS" missed="0" covered="1"/>
        </class>
        <class name="io/jenkins/plugins/codeInsights/domain/CheckstyleAnnotationProvider"
               sourcefilename="CheckstyleAnnotationProvider.kt">
            <method name="&lt;init&gt;"
                    desc="(Lcom/fasterxml/jackson/dataformat/xml/XmlMapper;Ljava/lang/String;Ljava/lang/String;)V"
                    line="8">
                <counter type="INSTRUCTION" missed="0" covered="22"/>
                <counter type="LINE" missed="0" covered="5"/>
                <counter type="COMPLEXITY" missed="0" covered="1"/>
                <counter type="METHOD" missed="0" covered="1"/>
            </method>
            <method name="getName" desc="()Ljava/lang/String;" line="13">
                <counter type="INSTRUCTION" missed="0" covered="3"/>
                <counter type="LINE" missed="0" covered="1"/>
                <counter type="COMPLEXITY" missed="0" covered="1"/>
                <counter type="METHOD" missed="0" covered="1"/>
            </method>
            <method name="convert" desc="()Ljava/util/List;" line="16">
                <counter type="INSTRUCTION" missed="0" covered="75"/>
                <counter type="LINE" missed="0" covered="10"/>
                <counter type="COMPLEXITY" missed="0" covered="1"/>
                <counter type="METHOD" missed="0" covered="1"/>
            </method>
            <counter type="INSTRUCTION" missed="0" covered="100"/>
            <counter type="LINE" missed="0" covered="15"/>
            <counter type="COMPLEXITY" missed="0" covered="3"/>
            <counter type="METHOD" missed="0" covered="3"/>
            <counter type="CLASS" missed="0" covered="1"/>
        </class>
        <class name="io/jenkins/plugins/codeInsights/domain/PmdAnnotationProvider"
               sourcefilename="PmdAnnotationProvider.kt">
            <method name="&lt;init&gt;"
                    desc="(Lcom/fasterxml/jackson/dataformat/xml/XmlMapper;Ljava/lang/String;Ljava/lang/String;)V"
                    line="9">
                <counter type="INSTRUCTION" missed="0" covered="22"/>
                <counter type="LINE" missed="0" covered="5"/>
                <counter type="COMPLEXITY" missed="0" covered="1"/>
                <counter type="METHOD" missed="0" covered="1"/>
            </method>
            <method name="getName" desc="()Ljava/lang/String;" line="14">
                <counter type="INSTRUCTION" missed="0" covered="3"/>
                <counter type="LINE" missed="0" covered="1"/>
                <counter type="COMPLEXITY" missed="0" covered="1"/>
                <counter type="METHOD" missed="0" covered="1"/>
            </method>
            <method name="convert" desc="()Ljava/util/List;" line="17">
                <counter type="INSTRUCTION" missed="0" covered="88"/>
                <counter type="LINE" missed="0" covered="11"/>
                <counter type="COMPLEXITY" missed="0" covered="1"/>
                <counter type="METHOD" missed="0" covered="1"/>
            </method>
            <method name="toAnnotationSeverity" desc="(I)Lio/jenkins/plugins/codeInsights/domain/Severity;" line="32">
                <counter type="INSTRUCTION" missed="0" covered="10"/>
                <counter type="BRANCH" missed="0" covered="4"/>
                <counter type="LINE" missed="0" covered="6"/>
                <counter type="COMPLEXITY" missed="0" covered="4"/>
                <counter type="METHOD" missed="0" covered="1"/>
            </method>
            <counter type="INSTRUCTION" missed="0" covered="123"/>
            <counter type="BRANCH" missed="0" covered="4"/>
            <counter type="LINE" missed="0" covered="22"/>
            <counter type="COMPLEXITY" missed="0" covered="7"/>
            <counter type="METHOD" missed="0" covered="4"/>
            <counter type="CLASS" missed="0" covered="1"/>
        </class>
        <class name="io/jenkins/plugins/codeInsights/domain/Annotation$$serializer" sourcefilename="Annotation.kt">
            <method name="childSerializers" desc="()[Lkotlinx/serialization/KSerializer;" line="5">
                <counter type="INSTRUCTION" missed="31" covered="0"/>
                <counter type="LINE" missed="1" covered="0"/>
                <counter type="COMPLEXITY" missed="1" covered="0"/>
                <counter type="METHOD" missed="1" covered="0"/>
            </method>
            <method name="deserialize"
                    desc="(Lkotlinx/serialization/encoding/Decoder;)Lio/jenkins/plugins/codeInsights/domain/Annotation;"
                    line="5">
                <counter type="INSTRUCTION" missed="169" covered="0"/>
                <counter type="BRANCH" missed="11" covered="0"/>
                <counter type="LINE" missed="1" covered="0"/>
                <counter type="COMPLEXITY" missed="9" covered="0"/>
                <counter type="METHOD" missed="1" covered="0"/>
            </method>
            <method name="serialize"
                    desc="(Lkotlinx/serialization/encoding/Encoder;Lio/jenkins/plugins/codeInsights/domain/Annotation;)V"
                    line="5">
                <counter type="INSTRUCTION" missed="0" covered="21"/>
                <counter type="LINE" missed="0" covered="1"/>
                <counter type="COMPLEXITY" missed="0" covered="1"/>
                <counter type="METHOD" missed="0" covered="1"/>
            </method>
            <method name="&lt;clinit&gt;" desc="()V" line="5">
                <counter type="INSTRUCTION" missed="0" covered="36"/>
                <counter type="LINE" missed="0" covered="2"/>
                <counter type="COMPLEXITY" missed="0" covered="1"/>
                <counter type="METHOD" missed="0" covered="1"/>
            </method>
            <counter type="INSTRUCTION" missed="200" covered="57"/>
            <counter type="BRANCH" missed="11" covered="0"/>
            <counter type="LINE" missed="0" covered="2"/>
            <counter type="COMPLEXITY" missed="10" covered="2"/>
            <counter type="METHOD" missed="2" covered="2"/>
            <counter type="CLASS" missed="0" covered="1"/>
        </class>
        <class name="io/jenkins/plugins/codeInsights/domain/Annotation$Companion" sourcefilename="Annotation.kt">
            <method name="serializer" desc="()Lkotlinx/serialization/KSerializer;" line="5">
                <counter type="INSTRUCTION" missed="0" covered="3"/>
                <counter type="LINE" missed="0" covered="1"/>
                <counter type="COMPLEXITY" missed="0" covered="1"/>
                <counter type="METHOD" missed="0" covered="1"/>
            </method>
            <counter type="INSTRUCTION" missed="0" covered="3"/>
            <counter type="LINE" missed="0" covered="1"/>
            <counter type="COMPLEXITY" missed="0" covered="1"/>
            <counter type="METHOD" missed="0" covered="1"/>
            <counter type="CLASS" missed="0" covered="1"/>
        </class>
        <class name="io/jenkins/plugins/codeInsights/domain/SpotBugsAnnotationProvider"
               sourcefilename="SpotBugsAnnotationProvider.kt">
            <method name="&lt;init&gt;"
                    desc="(Ljava/lang/String;Lcom/fasterxml/jackson/dataformat/xml/XmlMapper;Ljava/lang/String;)V"
                    line="9">
                <counter type="INSTRUCTION" missed="0" covered="22"/>
                <counter type="LINE" missed="0" covered="5"/>
                <counter type="COMPLEXITY" missed="0" covered="1"/>
                <counter type="METHOD" missed="0" covered="1"/>
            </method>
            <method name="getName" desc="()Ljava/lang/String;" line="14">
                <counter type="INSTRUCTION" missed="0" covered="3"/>
                <counter type="LINE" missed="0" covered="1"/>
                <counter type="COMPLEXITY" missed="0" covered="1"/>
                <counter type="METHOD" missed="0" covered="1"/>
            </method>
            <method name="convert" desc="()Ljava/util/List;" line="17">
                <counter type="INSTRUCTION" missed="0" covered="61"/>
                <counter type="LINE" missed="0" covered="8"/>
                <counter type="COMPLEXITY" missed="0" covered="1"/>
                <counter type="METHOD" missed="0" covered="1"/>
            </method>
            <counter type="INSTRUCTION" missed="0" covered="86"/>
            <counter type="LINE" missed="0" covered="13"/>
            <counter type="COMPLEXITY" missed="0" covered="3"/>
            <counter type="METHOD" missed="0" covered="3"/>
            <counter type="CLASS" missed="0" covered="1"/>
        </class>
        <class name="io/jenkins/plugins/codeInsights/domain/SonarQubeAnnotationProviderKt"
               sourcefilename="SonarQubeAnnotationProvider.kt"/>
        <class name="io/jenkins/plugins/codeInsights/domain/SonarQubeCredential"
               sourcefilename="SonarQubeAnnotationProvider.kt">
            <method name="&lt;init&gt;" desc="(Ljava/lang/String;Ljava/lang/String;Ljava/lang/String;)V" line="100">
                <counter type="INSTRUCTION" missed="0" covered="57"/>
                <counter type="BRANCH" missed="0" covered="12"/>
                <counter type="LINE" missed="0" covered="5"/>
                <counter type="COMPLEXITY" missed="0" covered="7"/>
                <counter type="METHOD" missed="0" covered="1"/>
            </method>
            <method name="getValue" desc="()Ljava/lang/String;" line="105">
                <counter type="INSTRUCTION" missed="0" covered="3"/>
                <counter type="LINE" missed="0" covered="1"/>
                <counter type="COMPLEXITY" missed="0" covered="1"/>
                <counter type="METHOD" missed="0" covered="1"/>
            </method>
            <counter type="INSTRUCTION" missed="0" covered="60"/>
            <counter type="BRANCH" missed="0" covered="12"/>
            <counter type="LINE" missed="0" covered="5"/>
            <counter type="COMPLEXITY" missed="0" covered="8"/>
            <counter type="METHOD" missed="0" covered="2"/>
            <counter type="CLASS" missed="0" covered="1"/>
        </class>
        <class name="io/jenkins/plugins/codeInsights/domain/Severity$Companion" sourcefilename="Annotation.kt">
            <method name="serializer" desc="()Lkotlinx/serialization/KSerializer;" line="14">
                <counter type="INSTRUCTION" missed="0" covered="5"/>
                <counter type="LINE" missed="0" covered="1"/>
                <counter type="COMPLEXITY" missed="0" covered="1"/>
                <counter type="METHOD" missed="0" covered="1"/>
            </method>
            <counter type="INSTRUCTION" missed="0" covered="5"/>
            <counter type="LINE" missed="0" covered="1"/>
            <counter type="COMPLEXITY" missed="0" covered="1"/>
            <counter type="METHOD" missed="0" covered="1"/>
            <counter type="CLASS" missed="0" covered="1"/>
        </class>
        <class name="io/jenkins/plugins/codeInsights/domain/AnnotationProvider" sourcefilename="AnnotationProvider.kt">
            <method name="&lt;init&gt;" desc="(Ljava/lang/String;)V" line="3">
                <counter type="INSTRUCTION" missed="0" covered="9"/>
                <counter type="LINE" missed="0" covered="1"/>
                <counter type="COMPLEXITY" missed="0" covered="1"/>
                <counter type="METHOD" missed="0" covered="1"/>
            </method>
            <method name="getSource" desc="()Ljava/lang/String;" line="3">
                <counter type="INSTRUCTION" missed="0" covered="3"/>
                <counter type="LINE" missed="0" covered="1"/>
                <counter type="COMPLEXITY" missed="0" covered="1"/>
                <counter type="METHOD" missed="0" covered="1"/>
            </method>
            <counter type="INSTRUCTION" missed="0" covered="12"/>
            <counter type="LINE" missed="0" covered="1"/>
            <counter type="COMPLEXITY" missed="0" covered="2"/>
            <counter type="METHOD" missed="0" covered="2"/>
            <counter type="CLASS" missed="0" covered="1"/>
        </class>
        <class name="io/jenkins/plugins/codeInsights/domain/Severity$Companion$$cachedSerializer$delegate$1"
               sourcefilename="Annotation.kt">
            <method name="invoke" desc="()Lkotlinx/serialization/KSerializer;" line="14">
                <counter type="INSTRUCTION" missed="0" covered="5"/>
                <counter type="LINE" missed="0" covered="1"/>
                <counter type="COMPLEXITY" missed="0" covered="1"/>
                <counter type="METHOD" missed="0" covered="1"/>
            </method>
            <counter type="INSTRUCTION" missed="0" covered="5"/>
            <counter type="LINE" missed="0" covered="1"/>
            <counter type="COMPLEXITY" missed="0" covered="1"/>
            <counter type="METHOD" missed="0" covered="1"/>
            <counter type="CLASS" missed="0" covered="1"/>
        </class>
        <class name="io/jenkins/plugins/codeInsights/domain/Severity" sourcefilename="Annotation.kt">
            <method name="&lt;clinit&gt;" desc="()V" line="14">
                <counter type="INSTRUCTION" missed="0" covered="31"/>
                <counter type="LINE" missed="0" covered="2"/>
                <counter type="COMPLEXITY" missed="0" covered="1"/>
                <counter type="METHOD" missed="0" covered="1"/>
            </method>
            <counter type="INSTRUCTION" missed="0" covered="31"/>
            <counter type="LINE" missed="0" covered="2"/>
            <counter type="COMPLEXITY" missed="0" covered="1"/>
            <counter type="METHOD" missed="0" covered="1"/>
            <counter type="CLASS" missed="0" covered="1"/>
        </class>
        <class name="io/jenkins/plugins/codeInsights/domain/SonarQubeAnnotationProvider"
               sourcefilename="SonarQubeAnnotationProvider.kt">
            <method name="&lt;init&gt;"
                    desc="(Ljava/lang/String;Ljava/lang/String;Lio/jenkins/plugins/codeInsights/domain/SonarQubeCredential;)V"
                    line="19">
                <counter type="INSTRUCTION" missed="0" covered="27"/>
                <counter type="LINE" missed="0" covered="6"/>
                <counter type="COMPLEXITY" missed="0" covered="1"/>
                <counter type="METHOD" missed="0" covered="1"/>
            </method>
            <method name="getName" desc="()Ljava/lang/String;" line="24">
                <counter type="INSTRUCTION" missed="0" covered="3"/>
                <counter type="LINE" missed="0" covered="1"/>
                <counter type="COMPLEXITY" missed="0" covered="1"/>
                <counter type="METHOD" missed="0" covered="1"/>
            </method>
            <method name="convert" desc="()Ljava/util/List;" line="29">
                <counter type="INSTRUCTION" missed="0" covered="207"/>
                <counter type="BRANCH" missed="6" covered="20"/>
                <counter type="LINE" missed="0" covered="21"/>
                <counter type="COMPLEXITY" missed="6" covered="8"/>
                <counter type="METHOD" missed="0" covered="1"/>
            </method>
            <method name="fetchTotalPage" desc="()Ljava/lang/Integer;" line="57">
                <counter type="INSTRUCTION" missed="0" covered="37"/>
                <counter type="BRANCH" missed="0" covered="2"/>
                <counter type="LINE" missed="0" covered="6"/>
                <counter type="COMPLEXITY" missed="0" covered="2"/>
                <counter type="METHOD" missed="0" covered="1"/>
            </method>
            <method name="callApi" desc="(I)Ljava/lang/String;" line="65">
                <counter type="INSTRUCTION" missed="0" covered="82"/>
                <counter type="BRANCH" missed="0" covered="2"/>
                <counter type="LINE" missed="0" covered="20"/>
                <counter type="COMPLEXITY" missed="0" covered="2"/>
                <counter type="METHOD" missed="0" covered="1"/>
            </method>
            <method name="toAnnotationSeverity"
                    desc="(Ljava/lang/String;)Lio/jenkins/plugins/codeInsights/domain/Severity;" line="92">
                <counter type="INSTRUCTION" missed="0" covered="18"/>
                <counter type="BRANCH" missed="0" covered="4"/>
                <counter type="LINE" missed="0" covered="6"/>
                <counter type="COMPLEXITY" missed="0" covered="4"/>
                <counter type="METHOD" missed="0" covered="1"/>
            </method>
            <counter type="INSTRUCTION" missed="0" covered="374"/>
            <counter type="BRANCH" missed="6" covered="28"/>
            <counter type="LINE" missed="0" covered="59"/>
            <counter type="COMPLEXITY" missed="6" covered="18"/>
            <counter type="METHOD" missed="0" covered="6"/>
            <counter type="CLASS" missed="0" covered="1"/>
        </class>
        <sourcefile name="AnnotationProvider.kt">
            <line nr="3" mi="0" ci="9" mb="0" cb="0"/>
            <counter type="INSTRUCTION" missed="0" covered="12"/>
            <counter type="LINE" missed="0" covered="1"/>
            <counter type="COMPLEXITY" missed="0" covered="2"/>
            <counter type="METHOD" missed="0" covered="2"/>
            <counter type="CLASS" missed="0" covered="1"/>
        </sourcefile>
        <sourcefile name="SpotBugsAnnotationProvider.kt">
            <line nr="9" mi="0" ci="1" mb="0" cb="0"/>
            <line nr="10" mi="0" ci="3" mb="0" cb="0"/>
            <line nr="11" mi="0" ci="3" mb="0" cb="0"/>
            <line nr="13" mi="0" ci="3" mb="0" cb="0"/>
            <line nr="14" mi="0" ci="6" mb="0" cb="0"/>
            <line nr="17" mi="0" ci="11" mb="0" cb="0"/>
            <line nr="18" mi="0" ci="9" mb="0" cb="0"/>
            <line nr="19" mi="0" ci="8" mb="0" cb="0"/>
            <line nr="20" mi="0" ci="9" mb="0" cb="0"/>
            <line nr="21" mi="0" ci="4" mb="0" cb="0"/>
            <line nr="22" mi="0" ci="1" mb="0" cb="0"/>
            <line nr="23" mi="0" ci="18" mb="0" cb="0"/>
            <line nr="26" mi="0" ci="1" mb="0" cb="0"/>
            <counter type="INSTRUCTION" missed="0" covered="86"/>
            <counter type="LINE" missed="0" covered="13"/>
            <counter type="COMPLEXITY" missed="0" covered="3"/>
            <counter type="METHOD" missed="0" covered="3"/>
            <counter type="CLASS" missed="0" covered="1"/>
        </sourcefile>
        <sourcefile name="CheckstyleAnnotationProvider.kt">
            <line nr="8" mi="0" ci="1" mb="0" cb="0"/>
            <line nr="9" mi="0" ci="3" mb="0" cb="0"/>
            <line nr="10" mi="0" ci="3" mb="0" cb="0"/>
            <line nr="12" mi="0" ci="3" mb="0" cb="0"/>
            <line nr="13" mi="0" ci="6" mb="0" cb="0"/>
            <line nr="16" mi="0" ci="6" mb="0" cb="0"/>
            <line nr="17" mi="0" ci="10" mb="0" cb="0"/>
            <line nr="18" mi="0" ci="3" mb="0" cb="0"/>
            <line nr="19" mi="0" ci="14" mb="0" cb="0"/>
            <line nr="20" mi="0" ci="5" mb="0" cb="0"/>
            <line nr="21" mi="0" ci="4" mb="0" cb="0"/>
            <line nr="22" mi="0" ci="5" mb="0" cb="0"/>
            <line nr="23" mi="0" ci="15" mb="0" cb="0"/>
            <line nr="24" mi="0" ci="12" mb="0" cb="0"/>
            <line nr="26" mi="0" ci="1" mb="0" cb="0"/>
            <counter type="INSTRUCTION" missed="0" covered="100"/>
            <counter type="LINE" missed="0" covered="15"/>
            <counter type="COMPLEXITY" missed="0" covered="3"/>
            <counter type="METHOD" missed="0" covered="3"/>
            <counter type="CLASS" missed="0" covered="1"/>
        </sourcefile>
        <sourcefile name="PmdAnnotationProvider.kt">
            <line nr="9" mi="0" ci="1" mb="0" cb="0"/>
            <line nr="10" mi="0" ci="3" mb="0" cb="0"/>
            <line nr="11" mi="0" ci="3" mb="0" cb="0"/>
            <line nr="13" mi="0" ci="3" mb="0" cb="0"/>
            <line nr="14" mi="0" ci="6" mb="0" cb="0"/>
            <line nr="17" mi="0" ci="6" mb="0" cb="0"/>
            <line nr="18" mi="0" ci="10" mb="0" cb="0"/>
            <line nr="19" mi="0" ci="3" mb="0" cb="0"/>
            <line nr="20" mi="0" ci="14" mb="0" cb="0"/>
            <line nr="21" mi="0" ci="5" mb="0" cb="0"/>
            <line nr="22" mi="0" ci="4" mb="0" cb="0"/>
            <line nr="23" mi="0" ci="5" mb="0" cb="0"/>
            <line nr="24" mi="0" ci="19" mb="0" cb="0"/>
            <line nr="25" mi="0" ci="7" mb="0" cb="0"/>
            <line nr="26" mi="0" ci="5" mb="0" cb="0"/>
            <line nr="27" mi="0" ci="10" mb="0" cb="0"/>
            <line nr="32" mi="0" ci="2" mb="0" cb="4"/>
            <line nr="33" mi="0" ci="2" mb="0" cb="0"/>
            <line nr="34" mi="0" ci="2" mb="0" cb="0"/>
            <line nr="35" mi="0" ci="2" mb="0" cb="0"/>
            <line nr="36" mi="0" ci="1" mb="0" cb="0"/>
            <line nr="37" mi="0" ci="1" mb="0" cb="0"/>
            <counter type="INSTRUCTION" missed="0" covered="123"/>
            <counter type="BRANCH" missed="0" covered="4"/>
            <counter type="LINE" missed="0" covered="22"/>
            <counter type="COMPLEXITY" missed="0" covered="7"/>
            <counter type="METHOD" missed="0" covered="4"/>
            <counter type="CLASS" missed="0" covered="1"/>
        </sourcefile>
        <sourcefile name="Annotation.kt">
            <line nr="5" mi="205" ci="102" mb="16" cb="3"/>
            <line nr="6" mi="0" ci="14" mb="0" cb="0"/>
            <line nr="7" mi="0" ci="3" mb="0" cb="0"/>
            <line nr="8" mi="0" ci="3" mb="0" cb="0"/>
            <line nr="9" mi="0" ci="6" mb="0" cb="0"/>
            <line nr="10" mi="5" ci="6" mb="3" cb="1"/>
            <line nr="11" mi="0" ci="5" mb="0" cb="0"/>
            <line nr="12" mi="0" ci="2" mb="0" cb="0"/>
            <line nr="14" mi="0" ci="16" mb="0" cb="0"/>
            <line nr="16" mi="0" ci="25" mb="0" cb="0"/>
            <counter type="INSTRUCTION" missed="213" covered="210"/>
            <counter type="BRANCH" missed="19" covered="4"/>
            <counter type="LINE" missed="0" covered="10"/>
            <counter type="COMPLEXITY" missed="16" covered="10"/>
            <counter type="METHOD" missed="2" covered="10"/>
            <counter type="CLASS" missed="0" covered="6"/>
        </sourcefile>
        <sourcefile name="SonarQubeAnnotationProvider.kt">
            <line nr="19" mi="0" ci="1" mb="0" cb="0"/>
            <line nr="21" mi="0" ci="3" mb="0" cb="0"/>
            <line nr="22" mi="0" ci="3" mb="0" cb="0"/>
            <line nr="23" mi="0" ci="3" mb="0" cb="0"/>
            <line nr="24" mi="0" ci="6" mb="0" cb="0"/>
            <line nr="26" mi="0" ci="5" mb="0" cb="0"/>
            <line nr="29" mi="0" ci="10" mb="0" cb="2"/>
            <line nr="30" mi="0" ci="14" mb="0" cb="0"/>
            <line nr="31" mi="0" ci="3" mb="0" cb="0"/>
            <line nr="32" mi="0" ci="25" mb="0" cb="4"/>
            <line nr="33" mi="0" ci="15" mb="1" cb="3"/>
            <line nr="34" mi="0" ci="1" mb="0" cb="0"/>
            <line nr="36" mi="0" ci="7" mb="0" cb="0"/>
            <line nr="37" mi="0" ci="3" mb="0" cb="0"/>
            <line nr="38" mi="0" ci="15" mb="0" cb="0"/>
            <line nr="39" mi="0" ci="13" mb="1" cb="3"/>
            <line nr="40" mi="0" ci="15" mb="0" cb="0"/>
            <line nr="41" mi="0" ci="24" mb="0" cb="0"/>
            <line nr="42" mi="0" ci="16" mb="2" cb="4"/>
            <line nr="43" mi="0" ci="22" mb="2" cb="4"/>
            <line nr="44" mi="0" ci="5" mb="0" cb="0"/>
            <line nr="45" mi="0" ci="2" mb="0" cb="0"/>
            <line nr="46" mi="0" ci="2" mb="0" cb="0"/>
            <line nr="47" mi="0" ci="4" mb="0" cb="0"/>
            <line nr="48" mi="0" ci="3" mb="0" cb="0"/>
            <line nr="49" mi="0" ci="1" mb="0" cb="0"/>
            <line nr="50" mi="0" ci="7" mb="0" cb="0"/>
            <line nr="57" mi="0" ci="11" mb="0" cb="2"/>
            <line nr="58" mi="0" ci="18" mb="0" cb="0"/>
            <line nr="59" mi="0" ci="2" mb="0" cb="0"/>
            <line nr="60" mi="0" ci="2" mb="0" cb="0"/>
            <line nr="61" mi="0" ci="3" mb="0" cb="0"/>
            <line nr="62" mi="0" ci="1" mb="0" cb="0"/>
            <line nr="65" mi="0" ci="6" mb="0" cb="0"/>
            <line nr="66" mi="0" ci="2" mb="0" cb="0"/>
            <line nr="67" mi="0" ci="2" mb="0" cb="0"/>
            <line nr="68" mi="0" ci="2" mb="0" cb="0"/>
            <line nr="69" mi="0" ci="4" mb="0" cb="0"/>
            <line nr="70" mi="0" ci="3" mb="0" cb="0"/>
            <line nr="71" mi="0" ci="4" mb="0" cb="0"/>
            <line nr="72" mi="0" ci="3" mb="0" cb="0"/>
            <line nr="73" mi="0" ci="1" mb="0" cb="0"/>
            <line nr="75" mi="0" ci="4" mb="0" cb="0"/>
            <line nr="76" mi="0" ci="5" mb="0" cb="0"/>
            <line nr="77" mi="0" ci="2" mb="0" cb="0"/>
            <line nr="78" mi="0" ci="1" mb="0" cb="0"/>
            <line nr="79" mi="0" ci="1" mb="0" cb="0"/>
            <line nr="81" mi="0" ci="10" mb="0" cb="0"/>
            <line nr="82" mi="0" ci="4" mb="0" cb="2"/>
            <line nr="83" mi="0" ci="6" mb="0" cb="0"/>
            <line nr="85" mi="0" ci="13" mb="0" cb="0"/>
            <line nr="86" mi="0" ci="7" mb="0" cb="0"/>
            <line nr="87" mi="0" ci="2" mb="0" cb="0"/>
            <line nr="92" mi="0" ci="10" mb="0" cb="4"/>
            <line nr="93" mi="0" ci="2" mb="0" cb="0"/>
            <line nr="94" mi="0" ci="2" mb="0" cb="0"/>
            <line nr="95" mi="0" ci="2" mb="0" cb="0"/>
            <line nr="96" mi="0" ci="1" mb="0" cb="0"/>
            <line nr="97" mi="0" ci="1" mb="0" cb="0"/>
            <line nr="100" mi="0" ci="3" mb="0" cb="0"/>
            <line nr="105" mi="0" ci="5" mb="0" cb="0"/>
            <line nr="106" mi="0" ci="15" mb="0" cb="4"/>
            <line nr="107" mi="0" ci="23" mb="0" cb="8"/>
            <line nr="108" mi="0" ci="5" mb="0" cb="0"/>
            <counter type="INSTRUCTION" missed="0" covered="434"/>
            <counter type="BRANCH" missed="6" covered="40"/>
            <counter type="LINE" missed="0" covered="64"/>
            <counter type="COMPLEXITY" missed="6" covered="26"/>
            <counter type="METHOD" missed="0" covered="8"/>
            <counter type="CLASS" missed="0" covered="2"/>
        </sourcefile>
        <counter type="INSTRUCTION" missed="213" covered="965"/>
        <counter type="BRANCH" missed="25" covered="48"/>
        <counter type="LINE" missed="0" covered="125"/>
        <counter type="COMPLEXITY" missed="22" covered="51"/>
        <counter type="METHOD" missed="2" covered="30"/>
        <counter type="CLASS" missed="0" covered="12"/>
    </package>
    <package name="io/jenkins/plugins/codeInsights/usecase">
        <class name="io/jenkins/plugins/codeInsights/usecase/FileTransferService"
               sourcefilename="FileTransferService.kt"/>
        <class name="io/jenkins/plugins/codeInsights/usecase/GitRepo" sourcefilename="GitRepo.kt">
            <method name="&lt;init&gt;" desc="(Ljava/io/File;)V" line="21">
                <counter type="INSTRUCTION" missed="0" covered="16"/>
                <counter type="LINE" missed="0" covered="2"/>
                <counter type="COMPLEXITY" missed="0" covered="1"/>
                <counter type="METHOD" missed="0" covered="1"/>
            </method>
            <method name="detectChangedFiles" desc="(Ljava/lang/String;Ljava/lang/String;)Ljava/util/Set;" line="25">
                <counter type="INSTRUCTION" missed="5" covered="86"/>
                <counter type="BRANCH" missed="3" covered="1"/>
                <counter type="LINE" missed="0" covered="14"/>
                <counter type="COMPLEXITY" missed="2" covered="1"/>
                <counter type="METHOD" missed="0" covered="1"/>
            </method>
            <method name="findMergeBaseObject"
                    desc="(Lorg/eclipse/jgit/lib/ObjectId;Lorg/eclipse/jgit/lib/ObjectId;)Lorg/eclipse/jgit/lib/ObjectId;"
                    line="44">
                <counter type="INSTRUCTION" missed="0" covered="34"/>
                <counter type="LINE" missed="0" covered="6"/>
                <counter type="COMPLEXITY" missed="0" covered="1"/>
                <counter type="METHOD" missed="0" covered="1"/>
            </method>
            <method name="prepareTreeParser"
                    desc="(Lorg/eclipse/jgit/lib/ObjectId;)Lorg/eclipse/jgit/treewalk/AbstractTreeIterator;" line="52">
                <counter type="INSTRUCTION" missed="0" covered="47"/>
                <counter type="LINE" missed="0" covered="6"/>
                <counter type="COMPLEXITY" missed="0" covered="1"/>
                <counter type="METHOD" missed="0" covered="1"/>
            </method>
            <method name="close" desc="()V" line="61">
                <counter type="INSTRUCTION" missed="0" covered="5"/>
                <counter type="LINE" missed="0" covered="2"/>
                <counter type="COMPLEXITY" missed="0" covered="1"/>
                <counter type="METHOD" missed="0" covered="1"/>
            </method>
            <counter type="INSTRUCTION" missed="5" covered="188"/>
            <counter type="BRANCH" missed="3" covered="1"/>
            <counter type="LINE" missed="0" covered="30"/>
            <counter type="COMPLEXITY" missed="2" covered="5"/>
            <counter type="METHOD" missed="0" covered="5"/>
            <counter type="CLASS" missed="0" covered="1"/>
        </class>
        <class name="io/jenkins/plugins/codeInsights/usecase/ExecutableAnnotationProvidersBuilder"
               sourcefilename="ExecutableAnnotationProvidersBuilder.kt">
            <method name="&lt;init&gt;" desc="(Lio/jenkins/plugins/codeInsights/usecase/FileTransferService;)V"
                    line="12">
                <counter type="INSTRUCTION" missed="0" covered="20"/>
                <counter type="LINE" missed="0" covered="3"/>
                <counter type="COMPLEXITY" missed="0" covered="1"/>
                <counter type="METHOD" missed="0" covered="1"/>
            </method>
            <method name="setCheckstyle"
                    desc="(Ljava/lang/String;Ljava/lang/String;)Lio/jenkins/plugins/codeInsights/usecase/ExecutableAnnotationProvidersBuilder;"
                    line="17">
                <counter type="INSTRUCTION" missed="0" covered="33"/>
                <counter type="BRANCH" missed="0" covered="4"/>
                <counter type="LINE" missed="0" covered="8"/>
                <counter type="COMPLEXITY" missed="0" covered="3"/>
                <counter type="METHOD" missed="0" covered="1"/>
            </method>
            <method name="setSpotBugs"
                    desc="(Ljava/lang/String;Ljava/lang/String;)Lio/jenkins/plugins/codeInsights/usecase/ExecutableAnnotationProvidersBuilder;"
                    line="31">
                <counter type="INSTRUCTION" missed="0" covered="33"/>
                <counter type="BRANCH" missed="0" covered="4"/>
                <counter type="LINE" missed="0" covered="8"/>
                <counter type="COMPLEXITY" missed="0" covered="3"/>
                <counter type="METHOD" missed="0" covered="1"/>
            </method>
            <method name="setPmd"
                    desc="(Ljava/lang/String;Ljava/lang/String;)Lio/jenkins/plugins/codeInsights/usecase/ExecutableAnnotationProvidersBuilder;"
                    line="45">
                <counter type="INSTRUCTION" missed="0" covered="33"/>
                <counter type="BRANCH" missed="0" covered="4"/>
                <counter type="LINE" missed="0" covered="4"/>
                <counter type="COMPLEXITY" missed="0" covered="3"/>
                <counter type="METHOD" missed="0" covered="1"/>
            </method>
            <method name="setSonarQube"
                    desc="(Ljava/lang/String;Ljava/lang/String;Ljava/lang/String;Ljava/lang/String;Ljava/lang/String;)Lio/jenkins/plugins/codeInsights/usecase/ExecutableAnnotationProvidersBuilder;"
                    line="56">
                <counter type="INSTRUCTION" missed="2" covered="62"/>
                <counter type="BRANCH" missed="1" covered="9"/>
                <counter type="LINE" missed="0" covered="8"/>
                <counter type="COMPLEXITY" missed="1" covered="5"/>
                <counter type="METHOD" missed="0" covered="1"/>
            </method>
            <method name="build" desc="()Ljava/util/List;" line="68">
                <counter type="INSTRUCTION" missed="0" covered="3"/>
                <counter type="LINE" missed="0" covered="1"/>
                <counter type="COMPLEXITY" missed="0" covered="1"/>
                <counter type="METHOD" missed="0" covered="1"/>
            </method>
            <counter type="INSTRUCTION" missed="2" covered="184"/>
            <counter type="BRANCH" missed="1" covered="21"/>
            <counter type="LINE" missed="0" covered="32"/>
            <counter type="COMPLEXITY" missed="1" covered="16"/>
            <counter type="METHOD" missed="0" covered="6"/>
            <counter type="CLASS" missed="0" covered="1"/>
        </class>
        <sourcefile name="FileTransferService.kt"/>
        <sourcefile name="ExecutableAnnotationProvidersBuilder.kt">
            <line nr="12" mi="0" ci="6" mb="0" cb="0"/>
            <line nr="13" mi="0" ci="6" mb="0" cb="0"/>
            <line nr="14" mi="0" ci="5" mb="0" cb="0"/>
            <line nr="17" mi="0" ci="8" mb="0" cb="4"/>
            <line nr="18" mi="0" ci="3" mb="0" cb="0"/>
            <line nr="19" mi="0" ci="4" mb="0" cb="0"/>
            <line nr="20" mi="0" ci="3" mb="0" cb="0"/>
            <line nr="21" mi="0" ci="2" mb="0" cb="0"/>
            <line nr="22" mi="0" ci="1" mb="0" cb="0"/>
            <line nr="23" mi="0" ci="4" mb="0" cb="0"/>
            <line nr="27" mi="0" ci="2" mb="0" cb="0"/>
            <line nr="31" mi="0" ci="8" mb="0" cb="4"/>
            <line nr="32" mi="0" ci="3" mb="0" cb="0"/>
            <line nr="33" mi="0" ci="4" mb="0" cb="0"/>
            <line nr="34" mi="0" ci="3" mb="0" cb="0"/>
            <line nr="35" mi="0" ci="1" mb="0" cb="0"/>
            <line nr="36" mi="0" ci="2" mb="0" cb="0"/>
            <line nr="37" mi="0" ci="4" mb="0" cb="0"/>
            <line nr="41" mi="0" ci="2" mb="0" cb="0"/>
            <line nr="45" mi="0" ci="8" mb="0" cb="4"/>
            <line nr="46" mi="0" ci="3" mb="0" cb="0"/>
            <line nr="47" mi="0" ci="14" mb="0" cb="0"/>
            <line nr="49" mi="0" ci="2" mb="0" cb="0"/>
            <line nr="56" mi="0" ci="1" mb="0" cb="0"/>
            <line nr="57" mi="0" ci="7" mb="0" cb="0"/>
            <line nr="58" mi="0" ci="16" mb="0" cb="8"/>
            <line nr="59" mi="0" ci="3" mb="0" cb="0"/>
            <line nr="60" mi="0" ci="11" mb="0" cb="0"/>
            <line nr="62" mi="0" ci="1" mb="0" cb="0"/>
            <line nr="63" mi="2" ci="6" mb="1" cb="1"/>
            <line nr="65" mi="0" ci="2" mb="0" cb="0"/>
            <line nr="68" mi="0" ci="3" mb="0" cb="0"/>
            <counter type="INSTRUCTION" missed="2" covered="184"/>
            <counter type="BRANCH" missed="1" covered="21"/>
            <counter type="LINE" missed="0" covered="32"/>
            <counter type="COMPLEXITY" missed="1" covered="16"/>
            <counter type="METHOD" missed="0" covered="6"/>
            <counter type="CLASS" missed="0" covered="1"/>
        </sourcefile>
        <sourcefile name="GitRepo.kt">
            <line nr="21" mi="0" ci="3" mb="0" cb="0"/>
            <line nr="22" mi="0" ci="10" mb="0" cb="0"/>
            <line nr="25" mi="0" ci="9" mb="0" cb="0"/>
            <line nr="26" mi="0" ci="4" mb="0" cb="0"/>
            <line nr="28" mi="0" ci="9" mb="0" cb="0"/>
            <line nr="29" mi="0" ci="5" mb="0" cb="0"/>
            <line nr="30" mi="0" ci="4" mb="0" cb="0"/>
            <line nr="32" mi="0" ci="7" mb="0" cb="0"/>
            <line nr="33" mi="0" ci="5" mb="0" cb="0"/>
            <line nr="34" mi="0" ci="5" mb="0" cb="0"/>
            <line nr="35" mi="0" ci="3" mb="0" cb="0"/>
            <line nr="36" mi="0" ci="3" mb="0" cb="0"/>
            <line nr="37" mi="0" ci="9" mb="0" cb="0"/>
            <line nr="38" mi="5" ci="9" mb="3" cb="1"/>
            <line nr="39" mi="0" ci="7" mb="0" cb="0"/>
            <line nr="40" mi="0" ci="1" mb="0" cb="0"/>
            <line nr="44" mi="0" ci="7" mb="0" cb="0"/>
            <line nr="45" mi="0" ci="5" mb="0" cb="0"/>
            <line nr="46" mi="0" ci="3" mb="0" cb="0"/>
            <line nr="47" mi="0" ci="6" mb="0" cb="0"/>
            <line nr="48" mi="0" ci="6" mb="0" cb="0"/>
            <line nr="49" mi="0" ci="7" mb="0" cb="0"/>
            <line nr="52" mi="0" ci="14" mb="0" cb="0"/>
            <line nr="53" mi="0" ci="5" mb="0" cb="0"/>
            <line nr="54" mi="0" ci="7" mb="0" cb="0"/>
            <line nr="55" mi="0" ci="16" mb="0" cb="0"/>
            <line nr="56" mi="0" ci="2" mb="0" cb="0"/>
            <line nr="57" mi="0" ci="3" mb="0" cb="0"/>
            <line nr="61" mi="0" ci="4" mb="0" cb="0"/>
            <line nr="62" mi="0" ci="1" mb="0" cb="0"/>
            <counter type="INSTRUCTION" missed="5" covered="188"/>
            <counter type="BRANCH" missed="3" covered="1"/>
            <counter type="LINE" missed="0" covered="30"/>
            <counter type="COMPLEXITY" missed="2" covered="5"/>
            <counter type="METHOD" missed="0" covered="5"/>
            <counter type="CLASS" missed="0" covered="1"/>
        </sourcefile>
        <counter type="INSTRUCTION" missed="7" covered="372"/>
        <counter type="BRANCH" missed="4" covered="22"/>
        <counter type="LINE" missed="0" covered="62"/>
        <counter type="COMPLEXITY" missed="3" covered="21"/>
        <counter type="METHOD" missed="0" covered="11"/>
        <counter type="CLASS" missed="0" covered="2"/>
    </package>
    <package name="io/jenkins/plugins/codeInsights">
        <class name="io/jenkins/plugins/codeInsights/CodeInsightsBuilder$DescriptorImpl"
               sourcefilename="CodeInsightsBuilder.java">
            <method name="&lt;init&gt;" desc="()V" line="120">
                <counter type="INSTRUCTION" missed="0" covered="5"/>
                <counter type="LINE" missed="0" covered="3"/>
                <counter type="COMPLEXITY" missed="0" covered="1"/>
                <counter type="METHOD" missed="0" covered="1"/>
            </method>
            <method name="configure" desc="(Lorg/kohsuke/stapler/StaplerRequest;Lnet/sf/json/JSONObject;)Z" line="126">
                <counter type="INSTRUCTION" missed="0" covered="42"/>
                <counter type="LINE" missed="0" covered="9"/>
                <counter type="COMPLEXITY" missed="0" covered="1"/>
                <counter type="METHOD" missed="0" covered="1"/>
            </method>
            <method name="isApplicable" desc="(Ljava/lang/Class;)Z" line="139">
                <counter type="INSTRUCTION" missed="0" covered="2"/>
                <counter type="LINE" missed="0" covered="1"/>
                <counter type="COMPLEXITY" missed="0" covered="1"/>
                <counter type="METHOD" missed="0" covered="1"/>
            </method>
            <method name="getDisplayName" desc="()Ljava/lang/String;" line="145">
                <counter type="INSTRUCTION" missed="0" covered="2"/>
                <counter type="LINE" missed="0" covered="1"/>
                <counter type="COMPLEXITY" missed="0" covered="1"/>
                <counter type="METHOD" missed="0" covered="1"/>
            </method>
            <method name="doFillBitbucketCredentialIdItems" desc="()Lhudson/util/ListBoxModel;" line="150">
                <counter type="INSTRUCTION" missed="0" covered="9"/>
                <counter type="LINE" missed="0" covered="3"/>
                <counter type="COMPLEXITY" missed="0" covered="1"/>
                <counter type="METHOD" missed="0" covered="1"/>
            </method>
            <method name="doFillSonarQubeCredentialIdItems" desc="()Lhudson/util/ListBoxModel;" line="157">
                <counter type="INSTRUCTION" missed="0" covered="11"/>
                <counter type="LINE" missed="0" covered="3"/>
                <counter type="COMPLEXITY" missed="0" covered="1"/>
                <counter type="METHOD" missed="0" covered="1"/>
            </method>
            <method name="getBitbucketUrl" desc="()Ljava/lang/String;" line="113">
                <counter type="INSTRUCTION" missed="0" covered="3"/>
                <counter type="LINE" missed="0" covered="1"/>
                <counter type="COMPLEXITY" missed="0" covered="1"/>
                <counter type="METHOD" missed="0" covered="1"/>
            </method>
            <method name="getProject" desc="()Ljava/lang/String;" line="114">
                <counter type="INSTRUCTION" missed="0" covered="3"/>
                <counter type="LINE" missed="0" covered="1"/>
                <counter type="COMPLEXITY" missed="0" covered="1"/>
                <counter type="METHOD" missed="0" covered="1"/>
            </method>
            <method name="getReportKey" desc="()Ljava/lang/String;" line="115">
                <counter type="INSTRUCTION" missed="0" covered="3"/>
                <counter type="LINE" missed="0" covered="1"/>
                <counter type="COMPLEXITY" missed="0" covered="1"/>
                <counter type="METHOD" missed="0" covered="1"/>
            </method>
            <method name="getBitbucketCredentialId" desc="()Ljava/lang/String;" line="116">
                <counter type="INSTRUCTION" missed="0" covered="3"/>
                <counter type="LINE" missed="0" covered="1"/>
                <counter type="COMPLEXITY" missed="0" covered="1"/>
                <counter type="METHOD" missed="0" covered="1"/>
            </method>
            <method name="getSonarQubeUrl" desc="()Ljava/lang/String;" line="117">
                <counter type="INSTRUCTION" missed="0" covered="3"/>
                <counter type="LINE" missed="0" covered="1"/>
                <counter type="COMPLEXITY" missed="0" covered="1"/>
                <counter type="METHOD" missed="0" covered="1"/>
            </method>
            <method name="getSonarQubeCredentialId" desc="()Ljava/lang/String;" line="118">
                <counter type="INSTRUCTION" missed="0" covered="3"/>
                <counter type="LINE" missed="0" covered="1"/>
                <counter type="COMPLEXITY" missed="0" covered="1"/>
                <counter type="METHOD" missed="0" covered="1"/>
            </method>
            <method name="lambda$doFillSonarQubeCredentialIdItems$3a519236$1"
                    desc="(Lcom/cloudbees/plugins/credentials/Credentials;)Z" line="160">
                <counter type="INSTRUCTION" missed="1" covered="9"/>
                <counter type="BRANCH" missed="1" covered="3"/>
                <counter type="LINE" missed="0" covered="1"/>
                <counter type="COMPLEXITY" missed="1" covered="2"/>
                <counter type="METHOD" missed="0" covered="1"/>
            </method>
            <counter type="INSTRUCTION" missed="1" covered="98"/>
            <counter type="BRANCH" missed="1" covered="3"/>
            <counter type="LINE" missed="0" covered="27"/>
            <counter type="COMPLEXITY" missed="1" covered="14"/>
            <counter type="METHOD" missed="0" covered="13"/>
            <counter type="CLASS" missed="0" covered="1"/>
        </class>
        <class name="io/jenkins/plugins/codeInsights/HttpClient$CallApiFailureException" sourcefilename="HttpClient.kt">
            <method name="&lt;init&gt;" desc="()V" line="92">
                <counter type="INSTRUCTION" missed="0" covered="3"/>
                <counter type="LINE" missed="0" covered="1"/>
                <counter type="COMPLEXITY" missed="0" covered="1"/>
                <counter type="METHOD" missed="0" covered="1"/>
            </method>
            <counter type="INSTRUCTION" missed="0" covered="3"/>
            <counter type="LINE" missed="0" covered="1"/>
            <counter type="COMPLEXITY" missed="0" covered="1"/>
            <counter type="METHOD" missed="0" covered="1"/>
            <counter type="CLASS" missed="0" covered="1"/>
        </class>
        <class name="io/jenkins/plugins/codeInsights/CodeInsightsBuilder" sourcefilename="CodeInsightsBuilder.java">
            <method name="&lt;init&gt;" desc="(Ljava/lang/String;Ljava/lang/String;)V" line="39">
                <counter type="INSTRUCTION" missed="0" covered="27"/>
                <counter type="LINE" missed="0" covered="10"/>
                <counter type="COMPLEXITY" missed="0" covered="1"/>
                <counter type="METHOD" missed="0" covered="1"/>
            </method>
            <method name="setSrcPath" desc="(Ljava/lang/String;)V" line="54">
                <counter type="INSTRUCTION" missed="0" covered="4"/>
                <counter type="LINE" missed="0" covered="2"/>
                <counter type="COMPLEXITY" missed="0" covered="1"/>
                <counter type="METHOD" missed="0" covered="1"/>
            </method>
            <method name="setBaseBranch" desc="(Ljava/lang/String;)V" line="59">
                <counter type="INSTRUCTION" missed="0" covered="4"/>
                <counter type="LINE" missed="0" covered="2"/>
                <counter type="COMPLEXITY" missed="0" covered="1"/>
                <counter type="METHOD" missed="0" covered="1"/>
            </method>
            <method name="setCheckstyleFilePath" desc="(Ljava/lang/String;)V" line="64">
                <counter type="INSTRUCTION" missed="0" covered="4"/>
                <counter type="LINE" missed="0" covered="2"/>
                <counter type="COMPLEXITY" missed="0" covered="1"/>
                <counter type="METHOD" missed="0" covered="1"/>
            </method>
            <method name="setSpotBugsFilePath" desc="(Ljava/lang/String;)V" line="69">
                <counter type="INSTRUCTION" missed="0" covered="4"/>
                <counter type="LINE" missed="0" covered="2"/>
                <counter type="COMPLEXITY" missed="0" covered="1"/>
                <counter type="METHOD" missed="0" covered="1"/>
            </method>
            <method name="setPmdFilePath" desc="(Ljava/lang/String;)V" line="74">
                <counter type="INSTRUCTION" missed="0" covered="4"/>
                <counter type="LINE" missed="0" covered="2"/>
                <counter type="COMPLEXITY" missed="0" covered="1"/>
                <counter type="METHOD" missed="0" covered="1"/>
            </method>
            <method name="setSonarQubeProjectKey" desc="(Ljava/lang/String;)V" line="79">
                <counter type="INSTRUCTION" missed="0" covered="4"/>
                <counter type="LINE" missed="0" covered="2"/>
                <counter type="COMPLEXITY" missed="0" covered="1"/>
                <counter type="METHOD" missed="0" covered="1"/>
            </method>
            <method name="perform"
                    desc="(Lhudson/model/Run;Lhudson/FilePath;Lhudson/EnvVars;Lhudson/Launcher;Lhudson/model/TaskListener;)V"
                    line="88">
                <counter type="INSTRUCTION" missed="0" covered="104"/>
                <counter type="LINE" missed="0" covered="16"/>
                <counter type="COMPLEXITY" missed="0" covered="1"/>
                <counter type="METHOD" missed="0" covered="1"/>
            </method>
            <method name="getRepositoryName" desc="()Ljava/lang/String;" line="36">
                <counter type="INSTRUCTION" missed="0" covered="3"/>
                <counter type="LINE" missed="0" covered="1"/>
                <counter type="COMPLEXITY" missed="0" covered="1"/>
                <counter type="METHOD" missed="0" covered="1"/>
            </method>
            <method name="getCommitId" desc="()Ljava/lang/String;" line="37">
                <counter type="INSTRUCTION" missed="0" covered="3"/>
                <counter type="LINE" missed="0" covered="1"/>
                <counter type="COMPLEXITY" missed="0" covered="1"/>
                <counter type="METHOD" missed="0" covered="1"/>
            </method>
            <method name="getSrcPath" desc="()Ljava/lang/String;" line="39">
                <counter type="INSTRUCTION" missed="0" covered="3"/>
                <counter type="LINE" missed="0" covered="1"/>
                <counter type="COMPLEXITY" missed="0" covered="1"/>
                <counter type="METHOD" missed="0" covered="1"/>
            </method>
            <method name="getBaseBranch" desc="()Ljava/lang/String;" line="40">
                <counter type="INSTRUCTION" missed="0" covered="3"/>
                <counter type="LINE" missed="0" covered="1"/>
                <counter type="COMPLEXITY" missed="0" covered="1"/>
                <counter type="METHOD" missed="0" covered="1"/>
            </method>
            <method name="getCheckstyleFilePath" desc="()Ljava/lang/String;" line="41">
                <counter type="INSTRUCTION" missed="0" covered="3"/>
                <counter type="LINE" missed="0" covered="1"/>
                <counter type="COMPLEXITY" missed="0" covered="1"/>
                <counter type="METHOD" missed="0" covered="1"/>
            </method>
            <method name="getSpotBugsFilePath" desc="()Ljava/lang/String;" line="42">
                <counter type="INSTRUCTION" missed="0" covered="3"/>
                <counter type="LINE" missed="0" covered="1"/>
                <counter type="COMPLEXITY" missed="0" covered="1"/>
                <counter type="METHOD" missed="0" covered="1"/>
            </method>
            <method name="getPmdFilePath" desc="()Ljava/lang/String;" line="43">
                <counter type="INSTRUCTION" missed="0" covered="3"/>
                <counter type="LINE" missed="0" covered="1"/>
                <counter type="COMPLEXITY" missed="0" covered="1"/>
                <counter type="METHOD" missed="0" covered="1"/>
            </method>
            <method name="getSonarQubeProjectKey" desc="()Ljava/lang/String;" line="44">
                <counter type="INSTRUCTION" missed="0" covered="3"/>
                <counter type="LINE" missed="0" covered="1"/>
                <counter type="COMPLEXITY" missed="0" covered="1"/>
                <counter type="METHOD" missed="0" covered="1"/>
            </method>
            <counter type="INSTRUCTION" missed="0" covered="179"/>
            <counter type="LINE" missed="0" covered="40"/>
            <counter type="COMPLEXITY" missed="0" covered="16"/>
            <counter type="METHOD" missed="0" covered="16"/>
            <counter type="CLASS" missed="0" covered="1"/>
        </class>
        <class name="io/jenkins/plugins/codeInsights/JenkinsLogger" sourcefilename="JenkinsLogger.kt">
            <method name="setLogger" desc="(Ljava/io/PrintStream;)V" line="9">
                <counter type="INSTRUCTION" missed="0" covered="6"/>
                <counter type="LINE" missed="0" covered="2"/>
                <counter type="COMPLEXITY" missed="0" covered="1"/>
                <counter type="METHOD" missed="0" covered="1"/>
            </method>
            <method name="info" desc="(Ljava/lang/String;)V" line="13">
                <counter type="INSTRUCTION" missed="0" covered="14"/>
                <counter type="LINE" missed="0" covered="2"/>
                <counter type="COMPLEXITY" missed="0" covered="1"/>
                <counter type="METHOD" missed="0" covered="1"/>
            </method>
            <method name="&lt;clinit&gt;" desc="()V" line="6">
                <counter type="INSTRUCTION" missed="0" covered="10"/>
                <counter type="LINE" missed="0" covered="1"/>
                <counter type="COMPLEXITY" missed="0" covered="1"/>
                <counter type="METHOD" missed="0" covered="1"/>
            </method>
            <counter type="INSTRUCTION" missed="0" covered="30"/>
            <counter type="LINE" missed="0" covered="5"/>
            <counter type="COMPLEXITY" missed="0" covered="3"/>
            <counter type="METHOD" missed="0" covered="3"/>
            <counter type="CLASS" missed="0" covered="1"/>
        </class>
        <class name="io/jenkins/plugins/codeInsights/KotlinEntryPoint" sourcefilename="KotlinEntryPoint.kt">
            <method name="&lt;init&gt;"
                    desc="(Lhudson/model/Run;Lhudson/FilePath;Lhudson/EnvVars;Lhudson/Launcher;Lhudson/model/TaskListener;Ljava/lang/String;Ljava/lang/String;Ljava/lang/String;Ljava/lang/String;Ljava/lang/String;Ljava/lang/String;Ljava/lang/String;Ljava/lang/String;Ljava/lang/String;Ljava/lang/String;Ljava/lang/String;Ljava/lang/String;Ljava/lang/String;Ljava/lang/String;Ljava/lang/String;Ljava/lang/String;Ljava/lang/String;)V"
                    line="12">
                <counter type="INSTRUCTION" missed="0" covered="145"/>
                <counter type="LINE" missed="0" covered="27"/>
                <counter type="COMPLEXITY" missed="0" covered="1"/>
                <counter type="METHOD" missed="0" covered="1"/>
            </method>
            <method name="delegate" desc="()V" line="42">
                <counter type="INSTRUCTION" missed="12" covered="157"/>
                <counter type="BRANCH" missed="2" covered="4"/>
                <counter type="LINE" missed="1" covered="20"/>
                <counter type="COMPLEXITY" missed="2" covered="2"/>
                <counter type="METHOD" missed="0" covered="1"/>
            </method>
            <counter type="INSTRUCTION" missed="12" covered="302"/>
            <counter type="BRANCH" missed="2" covered="4"/>
            <counter type="LINE" missed="1" covered="47"/>
            <counter type="COMPLEXITY" missed="2" covered="3"/>
            <counter type="METHOD" missed="0" covered="2"/>
            <counter type="CLASS" missed="0" covered="1"/>
        </class>
        <class name="io/jenkins/plugins/codeInsights/HttpClient$json$1" sourcefilename="HttpClient.kt">
            <method name="invoke" desc="(Lkotlinx/serialization/json/JsonBuilder;)V" line="44">
                <counter type="INSTRUCTION" missed="0" covered="7"/>
                <counter type="LINE" missed="0" covered="1"/>
                <counter type="COMPLEXITY" missed="0" covered="1"/>
                <counter type="METHOD" missed="0" covered="1"/>
            </method>
            <counter type="INSTRUCTION" missed="0" covered="7"/>
            <counter type="LINE" missed="0" covered="1"/>
            <counter type="COMPLEXITY" missed="0" covered="1"/>
            <counter type="METHOD" missed="0" covered="1"/>
            <counter type="CLASS" missed="0" covered="1"/>
        </class>
        <class name="io/jenkins/plugins/codeInsights/HttpClient" sourcefilename="HttpClient.kt">
            <method name="&lt;init&gt;"
                    desc="(Ljava/lang/String;Ljava/lang/String;Ljava/lang/String;Ljava/lang/String;Ljava/lang/String;Ljava/lang/String;Ljava/lang/String;)V"
                    line="13">
                <counter type="INSTRUCTION" missed="0" covered="124"/>
                <counter type="LINE" missed="0" covered="27"/>
                <counter type="COMPLEXITY" missed="0" covered="1"/>
                <counter type="METHOD" missed="0" covered="1"/>
            </method>
            <method name="putReport" desc="()V" line="55">
                <counter type="INSTRUCTION" missed="0" covered="50"/>
                <counter type="BRANCH" missed="0" covered="2"/>
                <counter type="LINE" missed="0" covered="14"/>
                <counter type="COMPLEXITY" missed="0" covered="2"/>
                <counter type="METHOD" missed="0" covered="1"/>
            </method>
            <method name="postAnnotations" desc="(Ljava/lang/String;Ljava/util/List;)V" line="73">
                <counter type="INSTRUCTION" missed="0" covered="96"/>
                <counter type="BRANCH" missed="0" covered="2"/>
                <counter type="LINE" missed="0" covered="14"/>
                <counter type="COMPLEXITY" missed="0" covered="2"/>
                <counter type="METHOD" missed="0" covered="1"/>
            </method>
            <method name="authorizationHeader" desc="(Lokhttp3/Request$Builder;)Lokhttp3/Request$Builder;" line="90">
                <counter type="INSTRUCTION" missed="0" covered="6"/>
                <counter type="LINE" missed="0" covered="1"/>
                <counter type="COMPLEXITY" missed="0" covered="1"/>
                <counter type="METHOD" missed="0" covered="1"/>
            </method>
            <counter type="INSTRUCTION" missed="0" covered="276"/>
            <counter type="BRANCH" missed="0" covered="4"/>
            <counter type="LINE" missed="0" covered="56"/>
            <counter type="COMPLEXITY" missed="0" covered="6"/>
            <counter type="METHOD" missed="0" covered="4"/>
            <counter type="CLASS" missed="0" covered="1"/>
        </class>
        <sourcefile name="KotlinEntryPoint.kt">
            <line nr="12" mi="0" ci="2" mb="0" cb="0"/>
            <line nr="13" mi="0" ci="1" mb="0" cb="0"/>
            <line nr="14" mi="0" ci="3" mb="0" cb="0"/>
            <line nr="15" mi="0" ci="3" mb="0" cb="0"/>
            <line nr="16" mi="0" ci="3" mb="0" cb="0"/>
            <line nr="17" mi="0" ci="3" mb="0" cb="0"/>
            <line nr="18" mi="0" ci="3" mb="0" cb="0"/>
            <line nr="19" mi="0" ci="3" mb="0" cb="0"/>
            <line nr="20" mi="0" ci="3" mb="0" cb="0"/>
            <line nr="21" mi="0" ci="3" mb="0" cb="0"/>
            <line nr="22" mi="0" ci="3" mb="0" cb="0"/>
            <line nr="23" mi="0" ci="3" mb="0" cb="0"/>
            <line nr="24" mi="0" ci="3" mb="0" cb="0"/>
            <line nr="25" mi="0" ci="3" mb="0" cb="0"/>
            <line nr="26" mi="0" ci="3" mb="0" cb="0"/>
            <line nr="27" mi="0" ci="3" mb="0" cb="0"/>
            <line nr="28" mi="0" ci="3" mb="0" cb="0"/>
            <line nr="29" mi="0" ci="3" mb="0" cb="0"/>
            <line nr="30" mi="0" ci="3" mb="0" cb="0"/>
            <line nr="31" mi="0" ci="3" mb="0" cb="0"/>
            <line nr="32" mi="0" ci="3" mb="0" cb="0"/>
            <line nr="33" mi="0" ci="3" mb="0" cb="0"/>
            <line nr="34" mi="0" ci="3" mb="0" cb="0"/>
            <line nr="35" mi="0" ci="3" mb="0" cb="0"/>
            <line nr="37" mi="0" ci="1" mb="0" cb="0"/>
            <line nr="38" mi="0" ci="8" mb="0" cb="0"/>
            <line nr="39" mi="0" ci="1" mb="0" cb="0"/>
            <line nr="42" mi="0" ci="4" mb="0" cb="0"/>
            <line nr="43" mi="0" ci="4" mb="0" cb="0"/>
            <line nr="44" mi="0" ci="10" mb="0" cb="0"/>
            <line nr="47" mi="0" ci="2" mb="0" cb="0"/>
            <line nr="49" mi="0" ci="8" mb="0" cb="0"/>
            <line nr="50" mi="0" ci="3" mb="0" cb="0"/>
            <line nr="51" mi="5" ci="28" mb="0" cb="0"/>
            <line nr="52" mi="0" ci="6" mb="0" cb="0"/>
            <line nr="55" mi="0" ci="6" mb="0" cb="0"/>
            <line nr="56" mi="0" ci="9" mb="0" cb="0"/>
            <line nr="57" mi="0" ci="5" mb="0" cb="0"/>
            <line nr="58" mi="0" ci="9" mb="0" cb="0"/>
            <line nr="59" mi="0" ci="11" mb="0" cb="0"/>
            <line nr="60" mi="0" ci="1" mb="0" cb="0"/>
            <line nr="61" mi="0" ci="10" mb="0" cb="2"/>
            <line nr="62" mi="0" ci="11" mb="0" cb="0"/>
            <line nr="63" mi="0" ci="11" mb="0" cb="0"/>
            <line nr="64" mi="2" ci="6" mb="2" cb="2"/>
            <line nr="65" mi="5" ci="0" mb="0" cb="0"/>
            <line nr="67" mi="0" ci="12" mb="0" cb="0"/>
            <line nr="69" mi="0" ci="1" mb="0" cb="0"/>
            <counter type="INSTRUCTION" missed="12" covered="302"/>
            <counter type="BRANCH" missed="2" covered="4"/>
            <counter type="LINE" missed="1" covered="47"/>
            <counter type="COMPLEXITY" missed="2" covered="3"/>
            <counter type="METHOD" missed="0" covered="2"/>
            <counter type="CLASS" missed="0" covered="1"/>
        </sourcefile>
        <sourcefile name="CodeInsightsBuilder.java">
            <line nr="36" mi="0" ci="3" mb="0" cb="0"/>
            <line nr="37" mi="0" ci="3" mb="0" cb="0"/>
            <line nr="39" mi="0" ci="6" mb="0" cb="0"/>
            <line nr="40" mi="0" ci="6" mb="0" cb="0"/>
            <line nr="41" mi="0" ci="6" mb="0" cb="0"/>
            <line nr="42" mi="0" ci="6" mb="0" cb="0"/>
            <line nr="43" mi="0" ci="6" mb="0" cb="0"/>
            <line nr="44" mi="0" ci="6" mb="0" cb="0"/>
            <line nr="47" mi="0" ci="2" mb="0" cb="0"/>
            <line nr="48" mi="0" ci="3" mb="0" cb="0"/>
            <line nr="49" mi="0" ci="3" mb="0" cb="0"/>
            <line nr="50" mi="0" ci="1" mb="0" cb="0"/>
            <line nr="54" mi="0" ci="3" mb="0" cb="0"/>
            <line nr="55" mi="0" ci="1" mb="0" cb="0"/>
            <line nr="59" mi="0" ci="3" mb="0" cb="0"/>
            <line nr="60" mi="0" ci="1" mb="0" cb="0"/>
            <line nr="64" mi="0" ci="3" mb="0" cb="0"/>
            <line nr="65" mi="0" ci="1" mb="0" cb="0"/>
            <line nr="69" mi="0" ci="3" mb="0" cb="0"/>
            <line nr="70" mi="0" ci="1" mb="0" cb="0"/>
            <line nr="74" mi="0" ci="3" mb="0" cb="0"/>
            <line nr="75" mi="0" ci="1" mb="0" cb="0"/>
            <line nr="79" mi="0" ci="3" mb="0" cb="0"/>
            <line nr="80" mi="0" ci="1" mb="0" cb="0"/>
            <line nr="88" mi="0" ci="4" mb="0" cb="0"/>
            <line nr="89" mi="0" ci="3" mb="0" cb="0"/>
            <line nr="90" mi="0" ci="7" mb="0" cb="0"/>
            <line nr="91" mi="0" ci="3" mb="0" cb="0"/>
            <line nr="92" mi="0" ci="7" mb="0" cb="0"/>
            <line nr="93" mi="0" ci="3" mb="0" cb="0"/>
            <line nr="94" mi="0" ci="7" mb="0" cb="0"/>
            <line nr="95" mi="0" ci="8" mb="0" cb="0"/>
            <line nr="97" mi="0" ci="7" mb="0" cb="0"/>
            <line nr="98" mi="0" ci="6" mb="0" cb="0"/>
            <line nr="99" mi="0" ci="7" mb="0" cb="0"/>
            <line nr="100" mi="0" ci="11" mb="0" cb="0"/>
            <line nr="101" mi="0" ci="6" mb="0" cb="0"/>
            <line nr="102" mi="0" ci="23" mb="0" cb="0"/>
            <line nr="106" mi="0" ci="1" mb="0" cb="0"/>
            <line nr="107" mi="0" ci="1" mb="0" cb="0"/>
            <line nr="113" mi="0" ci="3" mb="0" cb="0"/>
            <line nr="114" mi="0" ci="3" mb="0" cb="0"/>
            <line nr="115" mi="0" ci="3" mb="0" cb="0"/>
            <line nr="116" mi="0" ci="3" mb="0" cb="0"/>
            <line nr="117" mi="0" ci="3" mb="0" cb="0"/>
            <line nr="118" mi="0" ci="3" mb="0" cb="0"/>
            <line nr="120" mi="0" ci="2" mb="0" cb="0"/>
            <line nr="121" mi="0" ci="2" mb="0" cb="0"/>
            <line nr="122" mi="0" ci="1" mb="0" cb="0"/>
            <line nr="126" mi="0" ci="4" mb="0" cb="0"/>
            <line nr="127" mi="0" ci="5" mb="0" cb="0"/>
            <line nr="128" mi="0" ci="5" mb="0" cb="0"/>
            <line nr="129" mi="0" ci="5" mb="0" cb="0"/>
            <line nr="130" mi="0" ci="5" mb="0" cb="0"/>
            <line nr="131" mi="0" ci="7" mb="0" cb="0"/>
            <line nr="132" mi="0" ci="7" mb="0" cb="0"/>
            <line nr="133" mi="0" ci="2" mb="0" cb="0"/>
            <line nr="134" mi="0" ci="2" mb="0" cb="0"/>
            <line nr="139" mi="0" ci="2" mb="0" cb="0"/>
            <line nr="145" mi="0" ci="2" mb="0" cb="0"/>
            <line nr="150" mi="0" ci="4" mb="0" cb="0"/>
            <line nr="151" mi="0" ci="2" mb="0" cb="0"/>
            <line nr="152" mi="0" ci="3" mb="0" cb="0"/>
            <line nr="157" mi="0" ci="4" mb="0" cb="0"/>
            <line nr="158" mi="0" ci="2" mb="0" cb="0"/>
            <line nr="159" mi="0" ci="5" mb="0" cb="0"/>
            <line nr="160" mi="1" ci="9" mb="1" cb="3"/>
            <counter type="INSTRUCTION" missed="1" covered="277"/>
            <counter type="BRANCH" missed="1" covered="3"/>
            <counter type="LINE" missed="0" covered="67"/>
            <counter type="COMPLEXITY" missed="1" covered="30"/>
            <counter type="METHOD" missed="0" covered="29"/>
            <counter type="CLASS" missed="0" covered="2"/>
        </sourcefile>
        <sourcefile name="JenkinsLogger.kt">
            <line nr="6" mi="0" ci="6" mb="0" cb="0"/>
            <line nr="9" mi="0" ci="2" mb="0" cb="0"/>
            <line nr="10" mi="0" ci="1" mb="0" cb="0"/>
            <line nr="13" mi="0" ci="10" mb="0" cb="0"/>
            <line nr="14" mi="0" ci="1" mb="0" cb="0"/>
            <counter type="INSTRUCTION" missed="0" covered="30"/>
            <counter type="LINE" missed="0" covered="5"/>
            <counter type="COMPLEXITY" missed="0" covered="3"/>
            <counter type="METHOD" missed="0" covered="3"/>
            <counter type="CLASS" missed="0" covered="1"/>
        </sourcefile>
        <sourcefile name="HttpClient.kt">
            <line nr="13" mi="0" ci="3" mb="0" cb="0"/>
            <line nr="22" mi="0" ci="5" mb="0" cb="0"/>
            <line nr="24" mi="0" ci="4" mb="0" cb="0"/>
            <line nr="25" mi="0" ci="2" mb="0" cb="0"/>
            <line nr="26" mi="0" ci="2" mb="0" cb="0"/>
            <line nr="27" mi="0" ci="2" mb="0" cb="0"/>
            <line nr="28" mi="0" ci="2" mb="0" cb="0"/>
            <line nr="29" mi="0" ci="2" mb="0" cb="0"/>
            <line nr="30" mi="0" ci="2" mb="0" cb="0"/>
            <line nr="31" mi="0" ci="2" mb="0" cb="0"/>
            <line nr="32" mi="0" ci="2" mb="0" cb="0"/>
            <line nr="33" mi="0" ci="2" mb="0" cb="0"/>
            <line nr="34" mi="0" ci="2" mb="0" cb="0"/>
            <line nr="35" mi="0" ci="2" mb="0" cb="0"/>
            <line nr="36" mi="0" ci="3" mb="0" cb="0"/>
            <line nr="38" mi="0" ci="3" mb="0" cb="0"/>
            <line nr="39" mi="0" ci="2" mb="0" cb="0"/>
            <line nr="40" mi="0" ci="3" mb="0" cb="0"/>
            <line nr="42" mi="0" ci="8" mb="0" cb="0"/>
            <line nr="43" mi="0" ci="5" mb="0" cb="0"/>
            <line nr="44" mi="0" ci="12" mb="0" cb="0"/>
            <line nr="46" mi="0" ci="7" mb="0" cb="0"/>
            <line nr="47" mi="0" ci="2" mb="0" cb="0"/>
            <line nr="48" mi="0" ci="14" mb="0" cb="0"/>
            <line nr="49" mi="0" ci="4" mb="0" cb="0"/>
            <line nr="50" mi="0" ci="4" mb="0" cb="0"/>
            <line nr="52" mi="0" ci="6" mb="0" cb="0"/>
            <line nr="55" mi="0" ci="3" mb="0" cb="0"/>
            <line nr="56" mi="0" ci="4" mb="0" cb="0"/>
            <line nr="57" mi="0" ci="3" mb="0" cb="0"/>
            <line nr="58" mi="0" ci="2" mb="0" cb="0"/>
            <line nr="59" mi="0" ci="3" mb="0" cb="0"/>
            <line nr="60" mi="0" ci="1" mb="0" cb="0"/>
            <line nr="61" mi="0" ci="11" mb="0" cb="0"/>
            <line nr="62" mi="0" ci="3" mb="0" cb="2"/>
            <line nr="63" mi="0" ci="4" mb="0" cb="0"/>
            <line nr="65" mi="0" ci="3" mb="0" cb="0"/>
            <line nr="66" mi="0" ci="7" mb="0" cb="0"/>
            <line nr="67" mi="0" ci="4" mb="0" cb="0"/>
            <line nr="69" mi="0" ci="1" mb="0" cb="0"/>
            <line nr="70" mi="0" ci="1" mb="0" cb="0"/>
            <line nr="73" mi="0" ci="12" mb="0" cb="0"/>
            <line nr="74" mi="0" ci="4" mb="0" cb="0"/>
            <line nr="75" mi="0" ci="3" mb="0" cb="0"/>
            <line nr="76" mi="0" ci="2" mb="0" cb="0"/>
            <line nr="77" mi="0" ci="16" mb="0" cb="0"/>
            <line nr="78" mi="0" ci="1" mb="0" cb="0"/>
            <line nr="79" mi="0" ci="11" mb="0" cb="0"/>
            <line nr="80" mi="0" ci="3" mb="0" cb="2"/>
            <line nr="81" mi="0" ci="13" mb="0" cb="0"/>
            <line nr="83" mi="0" ci="12" mb="0" cb="0"/>
            <line nr="84" mi="0" ci="7" mb="0" cb="0"/>
            <line nr="85" mi="0" ci="4" mb="0" cb="0"/>
            <line nr="87" mi="0" ci="1" mb="0" cb="0"/>
            <line nr="88" mi="0" ci="1" mb="0" cb="0"/>
            <line nr="90" mi="0" ci="6" mb="0" cb="0"/>
            <line nr="92" mi="0" ci="3" mb="0" cb="0"/>
            <counter type="INSTRUCTION" missed="0" covered="286"/>
            <counter type="BRANCH" missed="0" covered="4"/>
            <counter type="LINE" missed="0" covered="57"/>
            <counter type="COMPLEXITY" missed="0" covered="8"/>
            <counter type="METHOD" missed="0" covered="6"/>
            <counter type="CLASS" missed="0" covered="3"/>
        </sourcefile>
        <counter type="INSTRUCTION" missed="13" covered="895"/>
        <counter type="BRANCH" missed="3" covered="11"/>
        <counter type="LINE" missed="1" covered="176"/>
        <counter type="COMPLEXITY" missed="3" covered="44"/>
        <counter type="METHOD" missed="0" covered="40"/>
        <counter type="CLASS" missed="0" covered="7"/>
    </package>
    <package name="io/jenkins/plugins/codeInsights/util">
        <class name="io/jenkins/plugins/codeInsights/util/JsonNodeUtilKt" sourcefilename="JsonNodeUtil.kt">
            <method name="asArray" desc="(Lcom/fasterxml/jackson/databind/JsonNode;)Ljava/lang/Iterable;" line="5">
                <counter type="INSTRUCTION" missed="0" covered="20"/>
                <counter type="BRANCH" missed="1" covered="5"/>
                <counter type="LINE" missed="0" covered="1"/>
                <counter type="COMPLEXITY" missed="1" covered="3"/>
                <counter type="METHOD" missed="0" covered="1"/>
            </method>
            <counter type="INSTRUCTION" missed="0" covered="20"/>
            <counter type="BRANCH" missed="1" covered="5"/>
            <counter type="LINE" missed="0" covered="1"/>
            <counter type="COMPLEXITY" missed="1" covered="3"/>
            <counter type="METHOD" missed="0" covered="1"/>
            <counter type="CLASS" missed="0" covered="1"/>
        </class>
        <class name="io/jenkins/plugins/codeInsights/util/PathUtilKt" sourcefilename="PathUtil.kt">
            <method name="toForwardSlashString" desc="(Ljava/nio/file/Path;)Ljava/lang/String;" line="5">
                <counter type="INSTRUCTION" missed="0" covered="12"/>
                <counter type="LINE" missed="0" covered="1"/>
                <counter type="COMPLEXITY" missed="0" covered="1"/>
                <counter type="METHOD" missed="0" covered="1"/>
            </method>
            <counter type="INSTRUCTION" missed="0" covered="12"/>
            <counter type="LINE" missed="0" covered="1"/>
            <counter type="COMPLEXITY" missed="0" covered="1"/>
            <counter type="METHOD" missed="0" covered="1"/>
            <counter type="CLASS" missed="0" covered="1"/>
        </class>
        <class name="io/jenkins/plugins/codeInsights/util/StringUtilKt" sourcefilename="StringUtil.kt">
            <method name="flat" desc="(Ljava/lang/String;)Ljava/lang/String;" line="3">
                <counter type="INSTRUCTION" missed="0" covered="27"/>
                <counter type="LINE" missed="0" covered="3"/>
                <counter type="COMPLEXITY" missed="0" covered="1"/>
                <counter type="METHOD" missed="0" covered="1"/>
            </method>
            <counter type="INSTRUCTION" missed="0" covered="27"/>
            <counter type="LINE" missed="0" covered="3"/>
            <counter type="COMPLEXITY" missed="0" covered="1"/>
            <counter type="METHOD" missed="0" covered="1"/>
            <counter type="CLASS" missed="0" covered="1"/>
        </class>
        <sourcefile name="JsonNodeUtil.kt">
            <line nr="5" mi="0" ci="20" mb="1" cb="5"/>
            <counter type="INSTRUCTION" missed="0" covered="20"/>
            <counter type="BRANCH" missed="1" covered="5"/>
            <counter type="LINE" missed="0" covered="1"/>
            <counter type="COMPLEXITY" missed="1" covered="3"/>
            <counter type="METHOD" missed="0" covered="1"/>
            <counter type="CLASS" missed="0" covered="1"/>
        </sourcefile>
        <sourcefile name="StringUtil.kt">
            <line nr="3" mi="0" ci="11" mb="0" cb="0"/>
            <line nr="4" mi="0" ci="9" mb="0" cb="0"/>
            <line nr="5" mi="0" ci="4" mb="0" cb="0"/>
            <counter type="INSTRUCTION" missed="0" covered="27"/>
            <counter type="LINE" missed="0" covered="3"/>
            <counter type="COMPLEXITY" missed="0" covered="1"/>
            <counter type="METHOD" missed="0" covered="1"/>
            <counter type="CLASS" missed="0" covered="1"/>
        </sourcefile>
        <sourcefile name="PathUtil.kt">
            <line nr="5" mi="0" ci="9" mb="0" cb="0"/>
            <counter type="INSTRUCTION" missed="0" covered="12"/>
            <counter type="LINE" missed="0" covered="1"/>
            <counter type="COMPLEXITY" missed="0" covered="1"/>
            <counter type="METHOD" missed="0" covered="1"/>
            <counter type="CLASS" missed="0" covered="1"/>
        </sourcefile>
        <counter type="INSTRUCTION" missed="0" covered="59"/>
        <counter type="BRANCH" missed="1" covered="5"/>
        <counter type="LINE" missed="0" covered="5"/>
        <counter type="COMPLEXITY" missed="1" covered="5"/>
        <counter type="METHOD" missed="0" covered="3"/>
        <counter type="CLASS" missed="0" covered="3"/>
    </package>
    <package name="io/jenkins/plugins/codeInsights/framework">
        <class name="io/jenkins/plugins/codeInsights/framework/FileTransferServiceImpl"
               sourcefilename="FileTransferServiceImpl.kt">
            <method name="&lt;init&gt;" desc="(Lhudson/FilePath;Lhudson/model/Run;)V" line="7">
                <counter type="INSTRUCTION" missed="0" covered="19"/>
                <counter type="LINE" missed="0" covered="2"/>
                <counter type="COMPLEXITY" missed="0" covered="1"/>
                <counter type="METHOD" missed="0" covered="1"/>
            </method>
            <method name="copyFromWorkspaceToLocal" desc="(Ljava/lang/String;)V" line="11">
                <counter type="INSTRUCTION" missed="0" covered="14"/>
                <counter type="LINE" missed="0" covered="2"/>
                <counter type="COMPLEXITY" missed="0" covered="1"/>
                <counter type="METHOD" missed="0" covered="1"/>
            </method>
            <method name="readFile" desc="(Ljava/lang/String;)Ljava/lang/String;" line="14">
                <counter type="INSTRUCTION" missed="0" covered="12"/>
                <counter type="LINE" missed="0" covered="1"/>
                <counter type="COMPLEXITY" missed="0" covered="1"/>
                <counter type="METHOD" missed="0" covered="1"/>
            </method>
            <counter type="INSTRUCTION" missed="0" covered="45"/>
            <counter type="LINE" missed="0" covered="5"/>
            <counter type="COMPLEXITY" missed="0" covered="3"/>
            <counter type="METHOD" missed="0" covered="3"/>
            <counter type="CLASS" missed="0" covered="1"/>
        </class>
        <sourcefile name="FileTransferServiceImpl.kt">
            <line nr="7" mi="0" ci="6" mb="0" cb="0"/>
            <line nr="8" mi="0" ci="7" mb="0" cb="0"/>
            <line nr="11" mi="0" ci="10" mb="0" cb="0"/>
            <line nr="12" mi="0" ci="1" mb="0" cb="0"/>
            <line nr="14" mi="0" ci="9" mb="0" cb="0"/>
            <counter type="INSTRUCTION" missed="0" covered="45"/>
            <counter type="LINE" missed="0" covered="5"/>
            <counter type="COMPLEXITY" missed="0" covered="3"/>
            <counter type="METHOD" missed="0" covered="3"/>
            <counter type="CLASS" missed="0" covered="1"/>
        </sourcefile>
        <counter type="INSTRUCTION" missed="0" covered="45"/>
        <counter type="LINE" missed="0" covered="5"/>
        <counter type="COMPLEXITY" missed="0" covered="3"/>
        <counter type="METHOD" missed="0" covered="3"/>
        <counter type="CLASS" missed="0" covered="1"/>
    </package>
    <counter type="INSTRUCTION" missed="233" covered="2336"/>
    <counter type="BRANCH" missed="33" covered="86"/>
    <counter type="LINE" missed="1" covered="373"/>
    <counter type="COMPLEXITY" missed="29" covered="124"/>
    <counter type="METHOD" missed="2" covered="87"/>
    <counter type="CLASS" missed="0" covered="25"/>
</report>